<?xml version="1.0" encoding="UTF-8"?>
<!-- Generated by org.testng.reporters.JUnitReportReporter -->
<testsuite hostname="DESKTOP-B371L1B" failures="0" tests="8" name="TestClass.IndexPageTest" time="17.748" errors="0" timestamp="2024-08-01T15:11:14 IST" skipped="0">
  <testcase classname="TestClass.IndexPageTest" name="RegBtnDisplayedValidate" time="0.124"/>
  <system-out/>
  <testcase classname="TestClass.IndexPageTest" name="ClickOnWishListValidation" time="1.360"/>
  <system-out/>
  <testcase classname="TestClass.IndexPageTest" name="logInBtn" time="3.739"/>
  <system-out/>
  <testcase classname="TestClass.IndexPageTest" name="nopCommerceLogoDispValidate" time="0.184"/>
  <system-out/>
  <testcase classname="TestClass.IndexPageTest" name="ClickOnShoppingCartValidation" time="1.909"/>
  <system-out/>
  <testcase classname="TestClass.IndexPageTest" name="Seachproduct" time="5.015"/>
  <system-out/>
  <testcase classname="TestClass.IndexPageTest" name="RegBtnClickValidate" time="4.530"/>
  <system-out/>
  <testcase classname="TestClass.IndexPageTest" name="TitleValidate" time="0.887"/>
  <system-out/>
</testsuite> <!-- TestClass.IndexPageTest -->
