<?xml version="1.0" encoding="UTF-8"?>
<!-- Generated by org.testng.reporters.JUnitReportReporter -->
<testsuite hostname="DESKTOP-B371L1B" failures="0" tests="1" name="TestClass.DataBaseTestingClass" time="1.458" errors="0" timestamp="2024-06-27T15:21:18 IST" skipped="0">
  <testcase classname="TestClass.DataBaseTestingClass" name="datatest" time="1.458"/>
  <system-out/>
</testsuite> <!-- TestClass.DataBaseTestingClass -->
