<?xml version="1.0" encoding="UTF-8"?>
<!-- Generated by org.testng.reporters.JUnitReportReporter -->
<testsuite hostname="DESKTOP-B371L1B" failures="0" tests="1" name="interview.newPageTest" time="0.018" errors="0" timestamp="2024-08-01T15:09:28 IST" skipped="0">
  <testcase classname="interview.newPageTest" name="m1" time="0.018"/>
  <system-out/>
</testsuite> <!-- interview.newPageTest -->
