<?xml version="1.0" encoding="UTF-8"?>
<!-- Generated by org.testng.reporters.JUnitReportReporter -->
<testsuite hostname="DESKTOP-B371L1B" failures="0" tests="1" name="TestClass.getPerticularPersonNmeData" time="0.011" errors="0" timestamp="2024-07-16T09:55:17 IST" skipped="0">
  <testcase classname="TestClass.getPerticularPersonNmeData" name="test" time="0.011"/>
  <system-out/>
</testsuite> <!-- TestClass.getPerticularPersonNmeData -->
