<?xml version="1.0" encoding="UTF-8"?>
<!-- Generated by org.testng.reporters.JUnitReportReporter -->
<testsuite hostname="DESKTOP-B371L1B" failures="0" tests="1" name="TestClass.loginPageTest" time="0.541" errors="0" timestamp="2024-08-04T12:41:49 IST" skipped="0">
  <testcase classname="TestClass.loginPageTest" name="emailAndPassValid" time="0.541"/>
  <system-out/>
</testsuite> <!-- TestClass.loginPageTest -->
