<?xml version="1.0" encoding="UTF-8"?>
<!-- Generated by org.testng.reporters.JUnitReportReporter -->
<testsuite hostname="DESKTOP-B371L1B" failures="0" tests="1" name="TestClass.class_storeData" time="11.908" errors="0" timestamp="2024-07-02T13:20:44 IST" skipped="0">
  <testcase classname="TestClass.class_storeData" name="openWebsite" time="11.908"/>
  <system-out/>
</testsuite> <!-- TestClass.class_storeData -->
