<?xml version="1.0" encoding="UTF-8"?>
<!-- Generated by org.testng.reporters.JUnitReportReporter -->
<testsuite hostname="DESKTOP-B371L1B" failures="0" tests="4" name="TestClass.LogInPageTestClass" time="8.409" errors="0" timestamp="2024-08-24T20:42:06 IST" skipped="0">
  <testcase classname="TestClass.LogInPageTestClass" name="verifyAbleToEnterCredential" time="3.663"/>
  <system-out/>
  <testcase classname="TestClass.LogInPageTestClass" name="verifyAbleToEnterCredential" time="1.631"/>
  <system-out/>
  <testcase classname="TestClass.LogInPageTestClass" name="verifyAbleToEnterCredential" time="1.507"/>
  <system-out/>
  <testcase classname="TestClass.LogInPageTestClass" name="verifyAbleToEnterCredential" time="1.608"/>
  <system-out/>
</testsuite> <!-- TestClass.LogInPageTestClass -->
